desc: --stacks=yes --massif-out-file=massif.out
cmd: ./main
time_unit: i
#-----------
snapshot=0
#-----------
time=0
mem_heap_B=0
mem_heap_extra_B=0
mem_stacks_B=0
heap_tree=empty
#-----------
snapshot=1
#-----------
time=49774
mem_heap_B=0
mem_heap_extra_B=0
mem_stacks_B=448
heap_tree=detailed
n0: 0 (heap allocation functions) malloc/new/new[], --alloc-fns, etc.
#-----------
snapshot=2
#-----------
time=64874
mem_heap_B=0
mem_heap_extra_B=0
mem_stacks_B=7736
heap_tree=detailed
n0: 0 (heap allocation functions) malloc/new/new[], --alloc-fns, etc.
#-----------
snapshot=3
#-----------
time=86703
mem_heap_B=0
mem_heap_extra_B=0
mem_stacks_B=2864
heap_tree=empty
#-----------
snapshot=4
#-----------
time=123149
mem_heap_B=0
mem_heap_extra_B=0
mem_stacks_B=1112
heap_tree=empty
#-----------
snapshot=5
#-----------
time=154856
mem_heap_B=0
mem_heap_extra_B=0
mem_stacks_B=1864
heap_tree=empty
#-----------
snapshot=6
#-----------
time=201538
mem_heap_B=0
mem_heap_extra_B=0
mem_stacks_B=1864
heap_tree=empty
#-----------
snapshot=7
#-----------
time=251125
mem_heap_B=0
mem_heap_extra_B=0
mem_stacks_B=1384
heap_tree=empty
#-----------
snapshot=8
#-----------
time=289356
mem_heap_B=0
mem_heap_extra_B=0
mem_stacks_B=1384
heap_tree=empty
#-----------
snapshot=9
#-----------
time=330462
mem_heap_B=0
mem_heap_extra_B=0
mem_stacks_B=1864
heap_tree=empty
#-----------
snapshot=10
#-----------
time=359104
mem_heap_B=0
mem_heap_extra_B=0
mem_stacks_B=1864
heap_tree=empty
#-----------
snapshot=11
#-----------
time=387211
mem_heap_B=0
mem_heap_extra_B=0
mem_stacks_B=1448
heap_tree=empty
#-----------
snapshot=12
#-----------
time=417292
mem_heap_B=0
mem_heap_extra_B=0
mem_stacks_B=1952
heap_tree=empty
#-----------
snapshot=13
#-----------
time=462987
mem_heap_B=0
mem_heap_extra_B=0
mem_stacks_B=1608
heap_tree=empty
#-----------
snapshot=14
#-----------
time=501643
mem_heap_B=0
mem_heap_extra_B=0
mem_stacks_B=1608
heap_tree=detailed
n0: 0 (heap allocation functions) malloc/new/new[], --alloc-fns, etc.
#-----------
snapshot=15
#-----------
time=528898
mem_heap_B=0
mem_heap_extra_B=0
mem_stacks_B=1864
heap_tree=detailed
n0: 0 (heap allocation functions) malloc/new/new[], --alloc-fns, etc.
#-----------
snapshot=16
#-----------
time=559635
mem_heap_B=0
mem_heap_extra_B=0
mem_stacks_B=1600
heap_tree=empty
#-----------
snapshot=17
#-----------
time=601976
mem_heap_B=0
mem_heap_extra_B=0
mem_stacks_B=1384
heap_tree=empty
#-----------
snapshot=18
#-----------
time=640746
mem_heap_B=0
mem_heap_extra_B=0
mem_stacks_B=1864
heap_tree=detailed
n0: 0 (heap allocation functions) malloc/new/new[], --alloc-fns, etc.
#-----------
snapshot=19
#-----------
time=688332
mem_heap_B=0
mem_heap_extra_B=0
mem_stacks_B=1608
heap_tree=empty
#-----------
snapshot=20
#-----------
time=726700
mem_heap_B=0
mem_heap_extra_B=0
mem_stacks_B=1944
heap_tree=detailed
n0: 0 (heap allocation functions) malloc/new/new[], --alloc-fns, etc.
#-----------
snapshot=21
#-----------
time=755407
mem_heap_B=0
mem_heap_extra_B=0
mem_stacks_B=1864
heap_tree=detailed
n0: 0 (heap allocation functions) malloc/new/new[], --alloc-fns, etc.
#-----------
snapshot=22
#-----------
time=795435
mem_heap_B=0
mem_heap_extra_B=0
mem_stacks_B=1864
heap_tree=empty
#-----------
snapshot=23
#-----------
time=830436
mem_heap_B=0
mem_heap_extra_B=0
mem_stacks_B=1384
heap_tree=empty
#-----------
snapshot=24
#-----------
time=866677
mem_heap_B=0
mem_heap_extra_B=0
mem_stacks_B=1864
heap_tree=empty
#-----------
snapshot=25
#-----------
time=894303
mem_heap_B=0
mem_heap_extra_B=0
mem_stacks_B=1384
heap_tree=empty
#-----------
snapshot=26
#-----------
time=937037
mem_heap_B=0
mem_heap_extra_B=0
mem_stacks_B=1608
heap_tree=empty
#-----------
snapshot=27
#-----------
time=992683
mem_heap_B=0
mem_heap_extra_B=0
mem_stacks_B=1608
heap_tree=empty
#-----------
snapshot=28
#-----------
time=1017208
mem_heap_B=0
mem_heap_extra_B=0
mem_stacks_B=1856
heap_tree=empty
#-----------
snapshot=29
#-----------
time=1050652
mem_heap_B=0
mem_heap_extra_B=0
mem_stacks_B=1608
heap_tree=empty
#-----------
snapshot=30
#-----------
time=1076196
mem_heap_B=0
mem_heap_extra_B=0
mem_stacks_B=1864
heap_tree=empty
#-----------
snapshot=31
#-----------
time=1123989
mem_heap_B=0
mem_heap_extra_B=0
mem_stacks_B=1608
heap_tree=empty
#-----------
snapshot=32
#-----------
time=1152237
mem_heap_B=0
mem_heap_extra_B=0
mem_stacks_B=1384
heap_tree=empty
#-----------
snapshot=33
#-----------
time=1180188
mem_heap_B=0
mem_heap_extra_B=0
mem_stacks_B=1864
heap_tree=empty
#-----------
snapshot=34
#-----------
time=1217497
mem_heap_B=0
mem_heap_extra_B=0
mem_stacks_B=1384
heap_tree=empty
#-----------
snapshot=35
#-----------
time=1251652
mem_heap_B=0
mem_heap_extra_B=0
mem_stacks_B=1608
heap_tree=empty
#-----------
snapshot=36
#-----------
time=1280806
mem_heap_B=0
mem_heap_extra_B=0
mem_stacks_B=1608
heap_tree=empty
#-----------
snapshot=37
#-----------
time=1314524
mem_heap_B=0
mem_heap_extra_B=0
mem_stacks_B=1608
heap_tree=empty
#-----------
snapshot=38
#-----------
time=1360143
mem_heap_B=0
mem_heap_extra_B=0
mem_stacks_B=1608
heap_tree=empty
#-----------
snapshot=39
#-----------
time=1396466
mem_heap_B=0
mem_heap_extra_B=0
mem_stacks_B=1384
heap_tree=empty
#-----------
snapshot=40
#-----------
time=1446173
mem_heap_B=0
mem_heap_extra_B=0
mem_stacks_B=1608
heap_tree=empty
#-----------
snapshot=41
#-----------
time=1480263
mem_heap_B=0
mem_heap_extra_B=0
mem_stacks_B=1704
heap_tree=empty
#-----------
snapshot=42
#-----------
time=1531876
mem_heap_B=0
mem_heap_extra_B=0
mem_stacks_B=1608
heap_tree=empty
#-----------
snapshot=43
#-----------
time=1560510
mem_heap_B=0
mem_heap_extra_B=0
mem_stacks_B=1384
heap_tree=empty
#-----------
snapshot=44
#-----------
time=1604582
mem_heap_B=0
mem_heap_extra_B=0
mem_stacks_B=1600
heap_tree=detailed
n0: 0 (heap allocation functions) malloc/new/new[], --alloc-fns, etc.
#-----------
snapshot=45
#-----------
time=1644106
mem_heap_B=0
mem_heap_extra_B=0
mem_stacks_B=1608
heap_tree=empty
#-----------
snapshot=46
#-----------
time=1678886
mem_heap_B=0
mem_heap_extra_B=0
mem_stacks_B=1608
heap_tree=empty
#-----------
snapshot=47
#-----------
time=1720524
mem_heap_B=0
mem_heap_extra_B=0
mem_stacks_B=1608
heap_tree=empty
#-----------
snapshot=48
#-----------
time=1743114
mem_heap_B=0
mem_heap_extra_B=0
mem_stacks_B=1864
heap_tree=empty
#-----------
snapshot=49
#-----------
time=1785062
mem_heap_B=0
mem_heap_extra_B=0
mem_stacks_B=1704
heap_tree=empty
#-----------
snapshot=50
#-----------
time=1800514
mem_heap_B=0
mem_heap_extra_B=0
mem_stacks_B=1608
heap_tree=empty
#-----------
snapshot=51
#-----------
time=1816002
mem_heap_B=0
mem_heap_extra_B=0
mem_stacks_B=1608
heap_tree=empty
#-----------
snapshot=52
#-----------
time=1831210
mem_heap_B=0
mem_heap_extra_B=0
mem_stacks_B=1864
heap_tree=empty
#-----------
snapshot=53
#-----------
time=1846594
mem_heap_B=0
mem_heap_extra_B=0
mem_stacks_B=1608
heap_tree=empty
#-----------
snapshot=54
#-----------
time=1862174
mem_heap_B=0
mem_heap_extra_B=0
mem_stacks_B=1608
heap_tree=empty
#-----------
snapshot=55
#-----------
time=1877400
mem_heap_B=0
mem_heap_extra_B=0
mem_stacks_B=1864
heap_tree=detailed
n0: 0 (heap allocation functions) malloc/new/new[], --alloc-fns, etc.
#-----------
snapshot=56
#-----------
time=1892535
mem_heap_B=0
mem_heap_extra_B=0
mem_stacks_B=1608
heap_tree=empty
#-----------
snapshot=57
#-----------
time=1907782
mem_heap_B=0
mem_heap_extra_B=0
mem_stacks_B=1608
heap_tree=empty
#-----------
snapshot=58
#-----------
time=1923645
mem_heap_B=0
mem_heap_extra_B=0
mem_stacks_B=1608
heap_tree=empty
#-----------
snapshot=59
#-----------
time=1938775
mem_heap_B=0
mem_heap_extra_B=0
mem_stacks_B=1960
heap_tree=empty
#-----------
snapshot=60
#-----------
time=1954008
mem_heap_B=0
mem_heap_extra_B=0
mem_stacks_B=1608
heap_tree=empty
#-----------
snapshot=61
#-----------
time=1969389
mem_heap_B=0
mem_heap_extra_B=0
mem_stacks_B=1608
heap_tree=empty
#-----------
snapshot=62
#-----------
time=1985436
mem_heap_B=0
mem_heap_extra_B=0
mem_stacks_B=1608
heap_tree=empty
#-----------
snapshot=63
#-----------
time=2000551
mem_heap_B=0
mem_heap_extra_B=0
mem_stacks_B=1864
heap_tree=empty
#-----------
snapshot=64
#-----------
time=2015721
mem_heap_B=0
mem_heap_extra_B=0
mem_stacks_B=1864
heap_tree=empty
#-----------
snapshot=65
#-----------
time=2031064
mem_heap_B=0
mem_heap_extra_B=0
mem_stacks_B=1608
heap_tree=detailed
n0: 0 (heap allocation functions) malloc/new/new[], --alloc-fns, etc.
#-----------
snapshot=66
#-----------
time=2046169
mem_heap_B=0
mem_heap_extra_B=0
mem_stacks_B=1952
heap_tree=empty
#-----------
snapshot=67
#-----------
time=2061347
mem_heap_B=0
mem_heap_extra_B=0
mem_stacks_B=1864
heap_tree=empty
#-----------
snapshot=68
#-----------
time=2076595
mem_heap_B=0
mem_heap_extra_B=0
mem_stacks_B=1608
heap_tree=empty
#-----------
snapshot=69
#-----------
time=2091949
mem_heap_B=0
mem_heap_extra_B=0
mem_stacks_B=1608
heap_tree=empty
#-----------
snapshot=70
#-----------
time=2107202
mem_heap_B=0
mem_heap_extra_B=0
mem_stacks_B=1864
heap_tree=empty
#-----------
snapshot=71
#-----------
time=2122316
mem_heap_B=0
mem_heap_extra_B=0
mem_stacks_B=1952
heap_tree=empty
#-----------
snapshot=72
#-----------
time=2137422
mem_heap_B=0
mem_heap_extra_B=0
mem_stacks_B=1384
heap_tree=empty
#-----------
snapshot=73
#-----------
time=2152680
mem_heap_B=0
mem_heap_extra_B=0
mem_stacks_B=1608
heap_tree=empty
#-----------
snapshot=74
#-----------
time=2167950
mem_heap_B=0
mem_heap_extra_B=0
mem_stacks_B=1608
heap_tree=empty
#-----------
snapshot=75
#-----------
time=2183069
mem_heap_B=0
mem_heap_extra_B=0
mem_stacks_B=1664
heap_tree=detailed
n0: 0 (heap allocation functions) malloc/new/new[], --alloc-fns, etc.
#-----------
snapshot=76
#-----------
time=2198341
mem_heap_B=0
mem_heap_extra_B=0
mem_stacks_B=1864
heap_tree=empty
#-----------
snapshot=77
#-----------
time=2213565
mem_heap_B=0
mem_heap_extra_B=0
mem_stacks_B=1864
heap_tree=empty
#-----------
snapshot=78
#-----------
time=2228790
mem_heap_B=0
mem_heap_extra_B=0
mem_stacks_B=1864
heap_tree=empty
#-----------
snapshot=79
#-----------
time=2257772
mem_heap_B=0
mem_heap_extra_B=0
mem_stacks_B=1384
heap_tree=empty
#-----------
snapshot=80
#-----------
time=2272928
mem_heap_B=0
mem_heap_extra_B=0
mem_stacks_B=1704
heap_tree=empty
#-----------
snapshot=81
#-----------
time=2288135
mem_heap_B=0
mem_heap_extra_B=0
mem_stacks_B=1608
heap_tree=empty
#-----------
snapshot=82
#-----------
time=2303245
mem_heap_B=0
mem_heap_extra_B=0
mem_stacks_B=1952
heap_tree=empty
#-----------
snapshot=83
#-----------
time=2318362
mem_heap_B=0
mem_heap_extra_B=0
mem_stacks_B=1816
heap_tree=empty
#-----------
snapshot=84
#-----------
time=2333464
mem_heap_B=0
mem_heap_extra_B=0
mem_stacks_B=1128
heap_tree=empty
#-----------
snapshot=85
#-----------
time=2333515
mem_heap_B=72704
mem_heap_extra_B=8
mem_stacks_B=224
heap_tree=detailed
n1: 72704 (heap allocation functions) malloc/new/new[], --alloc-fns, etc.
 n1: 72704 0x490D939: ??? (in /usr/lib/x86_64-linux-gnu/libstdc++.so.6.0.30)
  n1: 72704 0x400647D: call_init.part.0 (dl-init.c:70)
   n1: 72704 0x4006567: call_init (dl-init.c:33)
    n1: 72704 0x4006567: _dl_init (dl-init.c:117)
     n0: 72704 0x40202C9: ??? (in /usr/lib/x86_64-linux-gnu/ld-linux-x86-64.so.2)
#-----------
snapshot=86
#-----------
time=2335473
mem_heap_B=72704
mem_heap_extra_B=8
mem_stacks_B=1864
heap_tree=peak
n1: 72704 (heap allocation functions) malloc/new/new[], --alloc-fns, etc.
 n1: 72704 0x490D939: ??? (in /usr/lib/x86_64-linux-gnu/libstdc++.so.6.0.30)
  n1: 72704 0x400647D: call_init.part.0 (dl-init.c:70)
   n1: 72704 0x4006567: call_init (dl-init.c:33)
    n1: 72704 0x4006567: _dl_init (dl-init.c:117)
     n0: 72704 0x40202C9: ??? (in /usr/lib/x86_64-linux-gnu/ld-linux-x86-64.so.2)
#-----------
snapshot=87
#-----------
time=2350600
mem_heap_B=72704
mem_heap_extra_B=8
mem_stacks_B=2056
heap_tree=empty
#-----------
snapshot=88
#-----------
time=2365702
mem_heap_B=72704
mem_heap_extra_B=8
mem_stacks_B=560
heap_tree=empty
#-----------
snapshot=89
#-----------
time=2380803
mem_heap_B=72704
mem_heap_extra_B=8
mem_stacks_B=688
heap_tree=empty
#-----------
snapshot=90
#-----------
time=2395906
mem_heap_B=72704
mem_heap_extra_B=8
mem_stacks_B=2048
heap_tree=empty
#-----------
snapshot=91
#-----------
time=2411496
mem_heap_B=72704
mem_heap_extra_B=8
mem_stacks_B=1832
heap_tree=empty
#-----------
snapshot=92
#-----------
time=2426738
mem_heap_B=72704
mem_heap_extra_B=8
mem_stacks_B=1576
heap_tree=empty
#-----------
snapshot=93
#-----------
time=802441688
mem_heap_B=72704
mem_heap_extra_B=8
mem_stacks_B=360
heap_tree=empty
#-----------
snapshot=94
#-----------
time=1602442024
mem_heap_B=72768
mem_heap_extra_B=16
mem_stacks_B=360
heap_tree=empty
#-----------
snapshot=95
#-----------
time=1602457152
mem_heap_B=0
mem_heap_extra_B=0
mem_stacks_B=552
heap_tree=empty
